// 同步 ID: ce89d1fe @ Tue Jun 23 18:47:39 UTC 2026
// 同步 ID: 997f18ff @ Fri Jun 26 12:17:10 UTC 2026
// 重构日志: ce85c54b
// 重构日志: b03caf77
// 重构日志: ab92c73f
// 重构日志: 4e6163c5
// 同步 ID: 15275e2f @ Thu Jul  2 10:31:27 UTC 2026
// 重构日志: 5e54088e
// 重构日志: 45935820
// 同步 ID: c66f4b78 @ Sat Jul  4 13:12:21 UTC 2026
// 重构日志: e30530a6
// 同步 ID: ff18ed5c @ Sun Jul  5 20:01:47 UTC 2026
// 重构日志: bce9af4c
// 重构日志: e57626c7
// 重构日志: 0a9a1cf2
// 重构日志: 47bf2587
// 同步 ID: d97d7c6f @ Sun Jul 12 16:20:31 UTC 2026
// 同步 ID: fda31315 @ Wed Jul 15 00:56:13 UTC 2026
// 同步 ID: 1e8bf063 @ Thu Jul 16 12:16:11 UTC 2026
// 同步 ID: 2bfb87c4 @ Thu Jul 16 16:55:27 UTC 2026
// 重构日志: 50b493cb
// 重构日志: a61f0867
// 重构日志: 4a10dd6c
// 同步 ID: 061f9a51 @ Sat Jul 18 09:17:51 UTC 2026
// 同步 ID: 0811fb84 @ Sat Jul 18 11:26:53 UTC 2026
// 重构日志: 5d31a207
// 同步 ID: 775ec973 @ Sat Jul 18 22:29:46 UTC 2026
// 重构日志: f803050a
// 重构日志: 2d604855
// 同步 ID: c74c2c2c @ Wed Jul 22 03:55:10 UTC 2026
// 重构日志: 0fd78976
